# JRE version: 7.0_07-b10
# Java VM: Java HotSpot(TM) 64-Bit Server VM (23.3-b01 mixed mode windows-amd64 compressed oops)
Heap
 PSYoungGen      total 30400K, used 8K [0x00000000eaab0000, 0x00000000ed5d0000, 0x0000000100000000)
  eden space 30336K, 0% used [0x00000000eaab0000,0x00000000eaab2090,0x00000000ec850000)
  from space 64K, 0% used [0x00000000ec850000,0x00000000ec850000,0x00000000ec860000)
  to   space 6784K, 0% used [0x00000000ecf30000,0x00000000ecf30000,0x00000000ed5d0000)
 ParOldGen       total 697728K, used 24316K [0x00000000c0000000, 0x00000000ea960000, 0x00000000eaab0000)
  object space 697728K, 3% used [0x00000000c0000000,0x00000000c17bf1e0,0x00000000ea960000)
 PSPermGen       total 131072K, used 131071K [0x00000000b8000000, 0x00000000c0000000, 0x00000000c0000000)
  object space 131072K, 99% used [0x00000000b8000000,0x00000000bfffff38,0x00000000c0000000)
GC Heap History (10 events):
Event: 22791.021 GC heap before
{Heap before GC invocations=89 (full 12):
 PSYoungGen      total 30144K, used 96K [0x00000000eaab0000, 0x00000000ed680000, 0x0000000100000000)
  eden space 30016K, 0% used [0x00000000eaab0000,0x00000000eaab0000,0x00000000ec800000)
  from space 128K, 75% used [0x00000000ec800000,0x00000000ec818000,0x00000000ec820000)
  to   space 7360K, 0% used [0x00000000ecf50000,0x00000000ecf50000,0x00000000ed680000)
 ParOldGen       total 696960K, used 24377K [0x00000000c0000000, 0x00000000ea8a0000, 0x00000000eaab0000)
  object space 696960K, 3% used [0x00000000c0000000,0x00000000c17ce450,0x00000000ea8a0000)
 PSPermGen       total 131072K, used 131071K [0x00000000b8000000, 0x00000000c0000000, 0x00000000c0000000)
  object space 131072K, 99% used [0x00000000b8000000,0x00000000bffffc68,0x00000000c0000000)
Event: 22791.181 GC heap after
Heap after GC invocations=89 (full 12):
 PSYoungGen      total 30144K, used 0K [0x00000000eaab0000, 0x00000000ed680000, 0x0000000100000000)
  eden space 30016K, 0% used [0x00000000eaab0000,0x00000000eaab0000,0x00000000ec800000)
  from space 128K, 0% used [0x00000000ec800000,0x00000000ec800000,0x00000000ec820000)
  to   space 7360K, 0% used [0x00000000ecf50000,0x00000000ecf50000,0x00000000ed680000)
 ParOldGen       total 697216K, used 24332K [0x00000000c0000000, 0x00000000ea8e0000, 0x00000000eaab0000)
  object space 697216K, 3% used [0x00000000c0000000,0x00000000c17c31c0,0x00000000ea8e0000)
 PSPermGen       total 131072K, used 131036K [0x00000000b8000000, 0x00000000c0000000, 0x00000000c0000000)
  object space 131072K, 99% used [0x00000000b8000000,0x00000000bfff7060,0x00000000c0000000)
}
Event: 22791.182 GC heap before
{Heap before GC invocations=90 (full 12):
 PSYoungGen      total 30144K, used 2K [0x00000000eaab0000, 0x00000000ed680000, 0x0000000100000000)
  eden space 30016K, 0% used [0x00000000eaab0000,0x00000000eaab08b0,0x00000000ec800000)
  from space 128K, 0% used [0x00000000ec800000,0x00000000ec800000,0x00000000ec820000)
  to   space 7360K, 0% used [0x00000000ecf50000,0x00000000ecf50000,0x00000000ed680000)
 ParOldGen       total 697216K, used 24332K [0x00000000c0000000, 0x00000000ea8e0000, 0x00000000eaab0000)
  object space 697216K, 3% used [0x00000000c0000000,0x00000000c17c31c0,0x00000000ea8e0000)
 PSPermGen       total 131072K, used 131071K [0x00000000b8000000, 0x00000000c0000000, 0x00000000c0000000)
  object space 131072K, 99% used [0x00000000b8000000,0x00000000bfffff58,0x00000000c0000000)
Event: 22791.193 GC heap after
Heap after GC invocations=90 (full 12):
 PSYoungGen      total 37376K, used 0K [0x00000000eaab0000, 0x00000000ed630000, 0x0000000100000000)
  eden space 30336K, 0% used [0x00000000eaab0000,0x00000000eaab0000,0x00000000ec850000)
  from space 7040K, 0% used [0x00000000ecf50000,0x00000000ecf50000,0x00000000ed630000)
  to   space 7104K, 0% used [0x00000000ec850000,0x00000000ec850000,0x00000000ecf40000)
 ParOldGen       total 697216K, used 24332K [0x00000000c0000000, 0x00000000ea8e0000, 0x00000000eaab0000)
  object space 697216K, 3% used [0x00000000c0000000,0x00000000c17c31c0,0x00000000ea8e0000)
 PSPermGen       total 131072K, used 131071K [0x00000000b8000000, 0x00000000c0000000, 0x00000000c0000000)
  object space 131072K, 99% used [0x00000000b8000000,0x00000000bfffff58,0x00000000c0000000)
}
Event: 22791.193 GC heap before
{Heap before GC invocations=91 (full 13):
 PSYoungGen      total 37376K, used 0K [0x00000000eaab0000, 0x00000000ed630000, 0x0000000100000000)
  eden space 30336K, 0% used [0x00000000eaab0000,0x00000000eaab0000,0x00000000ec850000)
  from space 7040K, 0% used [0x00000000ecf50000,0x00000000ecf50000,0x00000000ed630000)
  to   space 7104K, 0% used [0x00000000ec850000,0x00000000ec850000,0x00000000ecf40000)
 ParOldGen       total 697216K, used 24332K [0x00000000c0000000, 0x00000000ea8e0000, 0x00000000eaab0000)
  object space 697216K, 3% used [0x00000000c0000000,0x00000000c17c31c0,0x00000000ea8e0000)
 PSPermGen       total 131072K, used 131071K [0x00000000b8000000, 0x00000000c0000000, 0x00000000c0000000)
  object space 131072K, 99% used [0x00000000b8000000,0x00000000bfffff58,0x00000000c0000000)
Event: 22791.306 GC heap after
Heap after GC invocations=91 (full 13):
 PSYoungGen      total 37376K, used 0K [0x00000000eaab0000, 0x00000000ed630000, 0x0000000100000000)
  eden space 30336K, 0% used [0x00000000eaab0000,0x00000000eaab0000,0x00000000ec850000)
  from space 7040K, 0% used [0x00000000ecf50000,0x00000000ecf50000,0x00000000ed630000)
  to   space 7104K, 0% used [0x00000000ec850000,0x00000000ec850000,0x00000000ecf40000)
 ParOldGen       total 697472K, used 24317K [0x00000000c0000000, 0x00000000ea920000, 0x00000000eaab0000)
  object space 697472K, 3% used [0x00000000c0000000,0x00000000c17bf540,0x00000000ea920000)
 PSPermGen       total 131072K, used 131071K [0x00000000b8000000, 0x00000000c0000000, 0x00000000c0000000)
  object space 131072K, 99% used [0x00000000b8000000,0x00000000bfffff38,0x00000000c0000000)
}
Event: 22791.306 GC heap before
{Heap before GC invocations=92 (full 13):
 PSYoungGen      total 37376K, used 0K [0x00000000eaab0000, 0x00000000ed630000, 0x0000000100000000)
  eden space 30336K, 0% used [0x00000000eaab0000,0x00000000eaab0000,0x00000000ec850000)
  from space 7040K, 0% used [0x00000000ecf50000,0x00000000ecf50000,0x00000000ed630000)
  to   space 7104K, 0% used [0x00000000ec850000,0x00000000ec850000,0x00000000ecf40000)
 ParOldGen       total 697472K, used 24317K [0x00000000c0000000, 0x00000000ea920000, 0x00000000eaab0000)
  object space 697472K, 3% used [0x00000000c0000000,0x00000000c17bf540,0x00000000ea920000)
 PSPermGen       total 131072K, used 131071K [0x00000000b8000000, 0x00000000c0000000, 0x00000000c0000000)
  object space 131072K, 99% used [0x00000000b8000000,0x00000000bfffff38,0x00000000c0000000)
Event: 22791.308 GC heap after
Heap after GC invocations=92 (full 13):
 PSYoungGen      total 30400K, used 0K [0x00000000eaab0000, 0x00000000ed5d0000, 0x0000000100000000)
  eden space 30336K, 0% used [0x00000000eaab0000,0x00000000eaab0000,0x00000000ec850000)
  from space 64K, 0% used [0x00000000ec850000,0x00000000ec850000,0x00000000ec860000)
  to   space 6784K, 0% used [0x00000000ecf30000,0x00000000ecf30000,0x00000000ed5d0000)
 ParOldGen       total 697472K, used 24317K [0x00000000c0000000, 0x00000000ea920000, 0x00000000eaab0000)
  object space 697472K, 3% used [0x00000000c0000000,0x00000000c17bf540,0x00000000ea920000)
 PSPermGen       total 131072K, used 131071K [0x00000000b8000000, 0x00000000c0000000, 0x00000000c0000000)
  object space 131072K, 99% used [0x00000000b8000000,0x00000000bfffff38,0x00000000c0000000)
}
Event: 22791.308 GC heap before
{Heap before GC invocations=93 (full 14):
 PSYoungGen      total 30400K, used 0K [0x00000000eaab0000, 0x00000000ed5d0000, 0x0000000100000000)
  eden space 30336K, 0% used [0x00000000eaab0000,0x00000000eaab0000,0x00000000ec850000)
  from space 64K, 0% used [0x00000000ec850000,0x00000000ec850000,0x00000000ec860000)
  to   space 6784K, 0% used [0x00000000ecf30000,0x00000000ecf30000,0x00000000ed5d0000)
 ParOldGen       total 697472K, used 24317K [0x00000000c0000000, 0x00000000ea920000, 0x00000000eaab0000)
  object space 697472K, 3% used [0x00000000c0000000,0x00000000c17bf540,0x00000000ea920000)
 PSPermGen       total 131072K, used 131071K [0x00000000b8000000, 0x00000000c0000000, 0x00000000c0000000)
  object space 131072K, 99% used [0x00000000b8000000,0x00000000bfffff38,0x00000000c0000000)
Event: 22791.431 GC heap after
Heap after GC invocations=93 (full 14):
 PSYoungGen      total 30400K, used 0K [0x00000000eaab0000, 0x00000000ed5d0000, 0x0000000100000000)
  eden space 30336K, 0% used [0x00000000eaab0000,0x00000000eaab0000,0x00000000ec850000)
  from space 64K, 0% used [0x00000000ec850000,0x00000000ec850000,0x00000000ec860000)
  to   space 6784K, 0% used [0x00000000ecf30000,0x00000000ecf30000,0x00000000ed5d0000)
 ParOldGen       total 697728K, used 24316K [0x00000000c0000000, 0x00000000ea960000, 0x00000000eaab0000)
  object space 697728K, 3% used [0x00000000c0000000,0x00000000c17bf1e0,0x00000000ea960000)
 PSPermGen       total 131072K, used 131071K [0x00000000b8000000, 0x00000000c0000000, 0x00000000c0000000)
  object space 131072K, 99% used [0x00000000b8000000,0x00000000bfffff38,0x00000000c0000000)
}

